<?xml version="1.0" encoding="UTF-8"?>
<testsuite xmlns:xsi="http://www.w3.org/2001/XMLSchema-instance" xsi:noNamespaceSchemaLocation="https://maven.apache.org/surefire/maven-surefire-plugin/xsd/surefire-test-report-3.0.xsd" version="3.0" name="runner.TestRunner" time="210.812" tests="2" errors="0" skipped="0" failures="0">
  <properties>
[...]
</properties>
  <testcase name="Scenario 1: Verify the Newspaper edition is downloadable." classname="Launch the app and download given Newspapser edition and Read though it." time="122.766"/>
  <testcase name="Scenario 2: Verify the Images on Gallery section." classname="Launch the app and download given Newspapser edition and Read though it." time="87.543"/>
</testsuite>